0 info it worked if it ends with ok
1 verbose cli [ 'node', '/usr/bin/npm', 'start', 'with_prod_db' ]
2 info using npm@3.5.2
3 info using node@v0.10.40
4 verbose node symlink /usr/bin/node
5 verbose run-script [ 'prestart', 'start', 'poststart' ]
6 info lifecycle app@1.0.0~prestart: app@1.0.0
7 silly lifecycle app@1.0.0~prestart: no script for prestart, continuing
8 info lifecycle app@1.0.0~start: app@1.0.0
9 verbose lifecycle app@1.0.0~start: unsafe-perm in lifecycle true
10 verbose lifecycle app@1.0.0~start: PATH: /usr/lib/node_modules/npm/bin/node-gyp-bin:/home/eit/Documents/projects/javascript/node-express/chanl_items/dashboard/app/node_modules/.bin:/home/eit/.rvm/gems/ruby-2.1.2@MestRails/bin:/home/eit/.rvm/gems/ruby-2.1.2@global/bin:/home/eit/.rvm/rubies/ruby-2.1.2/bin:/usr/share/android-studio/data/sdk/tools:/usr/share/android-studio/data/sdk/platform-tools:/usr/share/android-studio/data/sdk:/home/eit/Documents/android-ndk-r10d:/home/eit/Documents/cocos2d-x-3/templates:/usr/bin:/home/eit/Documents/cocos2d-x-3/tools/cocos2d-console/bin:/usr/local/heroku/bin:/usr/local/sbin:/usr/local/bin:/usr/sbin:/usr/bin:/sbin:/bin:/usr/games:/usr/local/games:/usr/share/android-studio/data/sdk/tools:/usr/share/android-studio/data/sdk/platform-tools:/home/eit/.rvm/bin:/home/eit/.rvm/bin:/home/eit/.rvm/bin:/opt/java/jdk1.7.0_67/bin:/home/eit/.rvm/bin:/home/eit/.rvm/bin:/home/eit/.rvm/bin
11 verbose lifecycle app@1.0.0~start: CWD: /home/eit/Documents/projects/javascript/node-express/chanl_items/dashboard/app
12 silly lifecycle app@1.0.0~start: Args: [ '-c',
12 silly lifecycle   'meteor --settings private/settings/dev.json "with_prod_db"' ]
13 silly lifecycle app@1.0.0~start: Returned: code: 1  signal: null
14 info lifecycle app@1.0.0~start: Failed to exec start script
15 verbose stack Error: app@1.0.0 start: `meteor --settings private/settings/dev.json "with_prod_db"`
15 verbose stack Exit status 1
15 verbose stack     at EventEmitter.<anonymous> (/usr/lib/node_modules/npm/lib/utils/lifecycle.js:232:16)
15 verbose stack     at EventEmitter.emit (events.js:98:17)
15 verbose stack     at ChildProcess.<anonymous> (/usr/lib/node_modules/npm/lib/utils/spawn.js:24:14)
15 verbose stack     at ChildProcess.emit (events.js:98:17)
15 verbose stack     at maybeClose (child_process.js:766:16)
15 verbose stack     at Process.ChildProcess._handle.onexit (child_process.js:833:5)
16 verbose pkgid app@1.0.0
17 verbose cwd /home/eit/Documents/projects/javascript/node-express/chanl_items/dashboard/app
18 error Linux 3.18.1-031801-generic
19 error argv "node" "/usr/bin/npm" "start" "with_prod_db"
20 error node v0.10.40
21 error npm  v3.5.2
22 error code ELIFECYCLE
23 error app@1.0.0 start: `meteor --settings private/settings/dev.json "with_prod_db"`
23 error Exit status 1
24 error Failed at the app@1.0.0 start script 'meteor --settings private/settings/dev.json "with_prod_db"'.
24 error Make sure you have the latest version of node.js and npm installed.
24 error If you do, this is most likely a problem with the app package,
24 error not with npm itself.
24 error Tell the author that this fails on your system:
24 error     meteor --settings private/settings/dev.json "with_prod_db"
24 error You can get information on how to open an issue for this project with:
24 error     npm bugs app
24 error Or if that isn't available, you can get their info via:
24 error     npm owner ls app
24 error There is likely additional logging output above.
25 verbose exit [ 1, true ]
